<?xml version="1.0" encoding="UTF-8"?>
<!-- Generated by org.testng.reporters.JUnitReportReporter -->
<testsuite hostname="IN3234658W1" failures="0" tests="1" name="Final.FinalAssessment" time="61.860" errors="0" timestamp="2022-05-20T17:33:15 IST" skipped="0">
  <testcase classname="Final.FinalAssessment" name="CreateEditDeleteEvent" time="61.860"/>
  <system-out/>
</testsuite> <!-- Final.FinalAssessment -->
